HackAThing2/Temp/gradleOut/launcher/build/intermediates/manifest_merge_blame_file/release/manifest-merger-blame-release-report.txt
1<?xml version="1.0" encoding="utf-8"?>
2<!-- GENERATED BY UNITY. REMOVE THIS COMMENT TO PREVENT OVERWRITING WHEN EXPORTING AGAIN -->
3<manifest xmlns:android="http://schemas.android.com/apk/res/android"
4    package="com.DefaultCompany.HackAThing2"
5    android:installLocation="auto"
6    android:versionCode="1"
7    android:versionName="0.1" >
8
9    <uses-sdk
10        android:minSdkVersion="25"
10-->src/main/AndroidManifest.xml
11        android:targetSdkVersion="29" />
11-->src/main/AndroidManifest.xml
12
13    <supports-screens
13-->src/main/AndroidManifest.xml:4:3-163
14        android:anyDensity="true"
14-->src/main/AndroidManifest.xml:4:135-160
15        android:largeScreens="true"
15-->src/main/AndroidManifest.xml:4:78-105
16        android:normalScreens="true"
16-->src/main/AndroidManifest.xml:4:49-77
17        android:smallScreens="true"
17-->src/main/AndroidManifest.xml:4:21-48
18        android:xlargeScreens="true" />
18-->src/main/AndroidManifest.xml:4:106-134
19
20    <uses-feature android:glEsVersion="0x00030000" />
20-->[:unityLibrary] AndroidManifest.xml:14:5-54
20-->[:unityLibrary] AndroidManifest.xml:14:19-51
21
22    <uses-permission android:name="android.permission.INTERNET" />
22-->[:unityLibrary] AndroidManifest.xml:16:5-67
22-->[:unityLibrary] AndroidManifest.xml:16:22-64
23    <uses-permission android:name="android.permission.ACCESS_FINE_LOCATION" />
23-->[:unityLibrary] AndroidManifest.xml:17:5-79
23-->[:unityLibrary] AndroidManifest.xml:17:22-76
24
25    <uses-feature
25-->[:unityLibrary] AndroidManifest.xml:19:5-21:36
26        android:name="android.hardware.location.gps"
26-->[:unityLibrary] AndroidManifest.xml:20:9-53
27        android:required="true" />
27-->[:unityLibrary] AndroidManifest.xml:21:9-33
28    <uses-feature
28-->[:unityLibrary] AndroidManifest.xml:22:5-24:36
29        android:name="android.hardware.location"
29-->[:unityLibrary] AndroidManifest.xml:23:9-49
30        android:required="false" />
30-->[:unityLibrary] AndroidManifest.xml:24:9-33
31
32    <uses-permission android:name="android.permission.RECORD_AUDIO" />
32-->[:unityLibrary] AndroidManifest.xml:26:5-71
32-->[:unityLibrary] AndroidManifest.xml:26:22-68
33    <uses-permission android:name="android.permission.MODIFY_AUDIO_SETTINGS" />
33-->[:unityLibrary] AndroidManifest.xml:27:5-80
33-->[:unityLibrary] AndroidManifest.xml:27:22-77
34
35    <uses-feature
35-->[:unityLibrary] AndroidManifest.xml:29:5-31:36
36        android:name="android.hardware.microphone"
36-->[:unityLibrary] AndroidManifest.xml:30:9-51
37        android:required="false" />
37-->[:unityLibrary] AndroidManifest.xml:31:9-33
38    <uses-feature
38-->[:unityLibrary] AndroidManifest.xml:32:5-34:36
39        android:name="android.hardware.touchscreen"
39-->[:unityLibrary] AndroidManifest.xml:33:9-52
40        android:required="false" />
40-->[:unityLibrary] AndroidManifest.xml:34:9-33
41    <uses-feature
41-->[:unityLibrary] AndroidManifest.xml:35:5-37:36
42        android:name="android.hardware.touchscreen.multitouch"
42-->[:unityLibrary] AndroidManifest.xml:36:9-63
43        android:required="false" />
43-->[:unityLibrary] AndroidManifest.xml:37:9-33
44    <uses-feature
44-->[:unityLibrary] AndroidManifest.xml:38:5-40:36
45        android:name="android.hardware.touchscreen.multitouch.distinct"
45-->[:unityLibrary] AndroidManifest.xml:39:9-72
46        android:required="false" />
46-->[:unityLibrary] AndroidManifest.xml:40:9-33
47    <uses-feature
47-->[:unityLibrary] AndroidManifest.xml:41:5-44:31
48        android:name="android.hardware.vr.headtracking"
48-->[:unityLibrary] AndroidManifest.xml:42:9-56
49        android:required="true"
49-->[:unityLibrary] AndroidManifest.xml:43:9-32
50        android:version="1" />
50-->[:unityLibrary] AndroidManifest.xml:44:9-28
51
52    <uses-permission android:name="android.permission.ACCESS_COARSE_LOCATION" />
52-->[:com.mapbox.android.unity-debug:] AndroidManifest.xml:12:5-81
52-->[:com.mapbox.android.unity-debug:] AndroidManifest.xml:12:22-78
53    <uses-permission android:name="android.permission.ACCESS_NETWORK_STATE" /> <!-- Required for CrashReporterJobIntentService on API levels below 25 -->
53-->[:libcore-release:] AndroidManifest.xml:12:5-79
53-->[:libcore-release:] AndroidManifest.xml:12:22-76
54    <uses-permission android:name="android.permission.WAKE_LOCK" />
54-->[:libtelemetry-full-release:] AndroidManifest.xml:12:5-68
54-->[:libtelemetry-full-release:] AndroidManifest.xml:12:22-65
55    <uses-permission android:name="android.permission.ACCESS_WIFI_STATE" />
55-->[:libtelemetry-full-release:] AndroidManifest.xml:15:5-76
55-->[:libtelemetry-full-release:] AndroidManifest.xml:15:22-73
56
57    <application
57-->src/main/AndroidManifest.xml:5:3-116
58        android:allowBackup="false"
58-->[:unityLibrary] AndroidManifest.xml:47:9-36
59        android:extractNativeLibs="true"
59-->src/main/AndroidManifest.xml:5:16-48
60        android:icon="@mipmap/app_icon"
60-->src/main/AndroidManifest.xml:5:82-113
61        android:label="@string/app_name"
61-->src/main/AndroidManifest.xml:5:49-81
62        android:networkSecurityConfig="@xml/network_sec_config" >
62-->[:unityLibrary] AndroidManifest.xml:50:9-64
63        <activity
63-->[:unityLibrary] AndroidManifest.xml:51:9-75:20
64            android:name="com.unity3d.player.UnityPlayerActivity"
64-->[:unityLibrary] AndroidManifest.xml:52:13-66
65            android:configChanges="keyboard|keyboardHidden|navigation|orientation|screenLayout|screenSize|uiMode|density"
65-->[:unityLibrary] AndroidManifest.xml:53:13-122
66            android:hardwareAccelerated="false"
66-->[:unityLibrary] AndroidManifest.xml:54:13-48
67            android:launchMode="singleTask"
67-->[:unityLibrary] AndroidManifest.xml:55:13-44
68            android:resizeableActivity="false"
68-->[:unityLibrary] AndroidManifest.xml:56:13-47
69            android:screenOrientation="landscape"
69-->[:unityLibrary] AndroidManifest.xml:57:13-50
70            android:theme="@android:style/Theme.Black.NoTitleBar.Fullscreen" >
70-->[:unityLibrary] AndroidManifest.xml:58:13-77
71            <intent-filter>
71-->[:unityLibrary] AndroidManifest.xml:59:13-64:29
72                <action android:name="android.intent.action.MAIN" />
72-->[:unityLibrary] AndroidManifest.xml:60:17-69
72-->[:unityLibrary] AndroidManifest.xml:60:25-66
73
74                <category android:name="android.intent.category.LAUNCHER" />
74-->[:unityLibrary] AndroidManifest.xml:62:17-77
74-->[:unityLibrary] AndroidManifest.xml:62:27-74
75                <category android:name="com.oculus.intent.category.VR" />
75-->[:unityLibrary] AndroidManifest.xml:63:17-74
75-->[:unityLibrary] AndroidManifest.xml:63:27-71
76            </intent-filter>
77
78            <meta-data
78-->[:unityLibrary] AndroidManifest.xml:66:13-68:40
79                android:name="unityplayer.UnityActivity"
79-->[:unityLibrary] AndroidManifest.xml:67:17-57
80                android:value="true" />
80-->[:unityLibrary] AndroidManifest.xml:68:17-37
81            <meta-data
81-->[:unityLibrary] AndroidManifest.xml:69:13-71:40
82                android:name="android.notch_support"
82-->[:unityLibrary] AndroidManifest.xml:70:17-53
83                android:value="true" />
83-->[:unityLibrary] AndroidManifest.xml:71:17-37
84            <meta-data
84-->[:unityLibrary] AndroidManifest.xml:72:13-74:40
85                android:name="com.oculus.vr.focusaware"
85-->[:unityLibrary] AndroidManifest.xml:73:17-56
86                android:value="true" />
86-->[:unityLibrary] AndroidManifest.xml:74:17-37
87        </activity>
88
89        <meta-data
89-->[:unityLibrary] AndroidManifest.xml:77:9-79:33
90            android:name="unity.splash-mode"
90-->[:unityLibrary] AndroidManifest.xml:78:13-45
91            android:value="0" />
91-->[:unityLibrary] AndroidManifest.xml:79:13-30
92        <meta-data
92-->[:unityLibrary] AndroidManifest.xml:80:9-82:36
93            android:name="unity.splash-enable"
93-->[:unityLibrary] AndroidManifest.xml:81:13-47
94            android:value="True" />
94-->[:unityLibrary] AndroidManifest.xml:82:13-33
95        <meta-data
95-->[:unityLibrary] AndroidManifest.xml:83:9-85:37
96            android:name="unity.allow-resizable-window"
96-->[:unityLibrary] AndroidManifest.xml:84:13-56
97            android:value="False" />
97-->[:unityLibrary] AndroidManifest.xml:85:13-34
98        <meta-data
98-->[:unityLibrary] AndroidManifest.xml:86:9-88:50
99            android:name="notch.config"
99-->[:unityLibrary] AndroidManifest.xml:87:13-40
100            android:value="portrait|landscape" />
100-->[:unityLibrary] AndroidManifest.xml:88:13-47
101        <meta-data
101-->[:unityLibrary] AndroidManifest.xml:89:9-91:68
102            android:name="unity.build-id"
102-->[:unityLibrary] AndroidManifest.xml:90:13-42
103            android:value="35d346b3-6d53-49c9-8851-78200083054e" />
103-->[:unityLibrary] AndroidManifest.xml:91:13-65
104        <meta-data
104-->[:unityLibrary] AndroidManifest.xml:92:9-94:39
105            android:name="com.samsung.android.vr.application.mode"
105-->[:unityLibrary] AndroidManifest.xml:93:13-67
106            android:value="vr_only" />
106-->[:unityLibrary] AndroidManifest.xml:94:13-36
107        <meta-data
107-->[:unityLibrary] AndroidManifest.xml:95:9-97:37
108            android:name="com.unity.xr.oculus.LowOverheadMode"
108-->[:unityLibrary] AndroidManifest.xml:96:13-63
109            android:value="false" />
109-->[:unityLibrary] AndroidManifest.xml:97:13-34
110        <meta-data
110-->[:unityLibrary] AndroidManifest.xml:98:9-100:44
111            android:name="com.oculus.supportedDevices"
111-->[:unityLibrary] AndroidManifest.xml:99:13-55
112            android:value="quest|quest2" />
112-->[:unityLibrary] AndroidManifest.xml:100:13-41
113
114        <provider
114-->[:libtelemetry-full-release:] AndroidManifest.xml:19:9-23:39
115            android:name="com.mapbox.android.telemetry.provider.MapboxTelemetryInitProvider"
115-->[:libtelemetry-full-release:] AndroidManifest.xml:20:13-93
116            android:authorities="com.DefaultCompany.HackAThing2.mapboxtelemetryinitprovider"
116-->[:libtelemetry-full-release:] AndroidManifest.xml:21:13-79
117            android:exported="false"
117-->[:libtelemetry-full-release:] AndroidManifest.xml:22:13-37
118            android:initOrder="100" />
118-->[:libtelemetry-full-release:] AndroidManifest.xml:23:13-36
119
120        <service
120-->[:libtelemetry-full-release:] AndroidManifest.xml:25:9-27:72
121            android:name="com.mapbox.android.telemetry.crash.CrashReporterJobIntentService"
121-->[:libtelemetry-full-release:] AndroidManifest.xml:26:13-92
122            android:permission="android.permission.BIND_JOB_SERVICE" />
122-->[:libtelemetry-full-release:] AndroidManifest.xml:27:13-69
123    </application>
124
125</manifest>